<?xml version="1.0" encoding="UTF-8"?>
<!-- Generated by org.testng.reporters.JUnitReportReporter -->
<testsuite hostname="DESKTOP-OOQID91" failures="0" tests="1" name="SeleniumAssignment.SimpleJavaApplication.AppTest" time="0.000" errors="0" timestamp="2024-03-29T16:48:35 IST" skipped="0">
  <testcase classname="SeleniumAssignment.SimpleJavaApplication.AppTest" name="sampleTest" time="0.000"/>
</testsuite> <!-- SeleniumAssignment.SimpleJavaApplication.AppTest -->
